<?xml version="1.0" encoding="UTF-8"?>
<!-- Generated by org.testng.reporters.JUnitReportReporter -->
<testsuite skipped="0" hostname="AnuKrish" name="com.qa.tiatros.registration.testcase.TC003" tests="1" failures="0" timestamp="08 Jun 2020 11:14:39 GMT" time="168.112" errors="0">
  <testcase name="direct_Dashboard" time="168.112" classname="com.qa.tiatros.registration.testcase.TC003"/>
</testsuite> <!-- com.qa.tiatros.registration.testcase.TC003 -->
