<?xml version="1.0" encoding="UTF-8"?>
<!-- Generated by org.testng.reporters.JUnitReportReporter -->
<testsuite skipped="0" hostname="Satishs-iMac.local" name="com.qa.tiatros.messaging.testcase.TC004" tests="1" failures="0" timestamp="01 Jul 2019 11:45:08 GMT" time="54.860" errors="0">
  <testcase name="heartIconClick" time="54.860" classname="com.qa.tiatros.messaging.testcase.TC004"/>
</testsuite> <!-- com.qa.tiatros.messaging.testcase.TC004 -->
