<?xml version="1.0" encoding="UTF-8"?>
<!-- Generated by org.testng.reporters.JUnitReportReporter -->
<testsuite skipped="0" hostname="Satishs-iMac.local" name="com.qa.tiatros.modertor.testcase.TC01" tests="1" failures="0" timestamp="18 Nov 2019 05:33:14 GMT" time="47.856" errors="0">
  <testcase name="review_goal_setting_color" time="47.856" classname="com.qa.tiatros.modertor.testcase.TC01"/>
</testsuite> <!-- com.qa.tiatros.modertor.testcase.TC01 -->
