<?xml version="1.0" encoding="UTF-8"?>
<!-- Generated by org.testng.reporters.JUnitReportReporter -->
<testsuite skipped="0" hostname="Satishs-iMac.local" name="com.qa.tiatros.gratitudeJournal.testcase.TC01" tests="1" failures="0" timestamp="19 Feb 2020 07:01:37 GMT" time="30.989" errors="0">
  <testcase name="addMultipleMessagePost" time="30.989" classname="com.qa.tiatros.gratitudeJournal.testcase.TC01"/>
</testsuite> <!-- com.qa.tiatros.gratitudeJournal.testcase.TC01 -->
