<?xml version="1.0" encoding="UTF-8"?>
<!-- Generated by org.testng.reporters.JUnitReportReporter -->
<testsuite skipped="0" hostname="Satishs-iMac.local" name="com.qa.tiatros.modertor.testcase.TC01" tests="1" failures="0" timestamp="28 Aug 2019 11:22:56 GMT" time="30.474" errors="0">
  <testcase name="addNewMessage" time="30.474" classname="com.qa.tiatros.modertor.testcase.TC01"/>
</testsuite> <!-- com.qa.tiatros.modertor.testcase.TC01 -->
