<?xml version="1.0" encoding="UTF-8"?>
<!-- Generated by org.testng.reporters.JUnitReportReporter -->
<testsuite skipped="0" hostname="Satishs-iMac.local" name="com.qa.tiatros.gratitudeJournal.testcase.TC01" tests="1" failures="0" timestamp="17 Feb 2020 11:40:44 GMT" time="25.218" errors="0">
  <testcase name="addMultipleMessagePost" time="25.218" classname="com.qa.tiatros.gratitudeJournal.testcase.TC01"/>
</testsuite> <!-- com.qa.tiatros.gratitudeJournal.testcase.TC01 -->
