<?xml version="1.0" encoding="UTF-8"?>
<!-- Generated by org.testng.reporters.JUnitReportReporter -->
<testsuite skipped="0" hostname="Satishs-iMac.local" name="com.qa.tiatros.registration.testcase.TC001" tests="4" failures="0" timestamp="06 Nov 2019 05:40:32 GMT" time="971.926" errors="0">
  <testcase name="registration_E2E_WithoutPhnNum" time="240.798" classname="com.qa.tiatros.registration.testcase.TC001"/>
  <testcase name="registration_E2E_WithoutPhnNum" time="240.921" classname="com.qa.tiatros.registration.testcase.TC001"/>
  <testcase name="registration_E2E_WithoutPhnNum" time="247.200" classname="com.qa.tiatros.registration.testcase.TC001"/>
  <testcase name="registration_E2E_WithoutPhnNum" time="243.007" classname="com.qa.tiatros.registration.testcase.TC001"/>
</testsuite> <!-- com.qa.tiatros.registration.testcase.TC001 -->
