<?xml version="1.0" encoding="UTF-8"?>
<!-- Generated by org.testng.reporters.JUnitReportReporter -->
<testsuite skipped="0" hostname="Satishs-iMac.local" name="com.qa.tiatros.messaging.testcase.TC006" tests="1" failures="0" timestamp="17 Feb 2020 10:09:11 GMT" time="115.544" errors="0">
  <testcase name="clickAllTilesInMessages" time="115.544" classname="com.qa.tiatros.messaging.testcase.TC006"/>
</testsuite> <!-- com.qa.tiatros.messaging.testcase.TC006 -->
