<?xml version="1.0" encoding="UTF-8"?>
<!-- Generated by org.testng.reporters.JUnitReportReporter -->
<testsuite skipped="0" hostname="Satishs-iMac.local" name="com.qa.tiatros.gratitudeJournal.testcase.TC010" tests="1" failures="0" timestamp="21 Feb 2020 06:01:51 GMT" time="136.710" errors="0">
  <testcase name="eDit_Journal_World" time="136.710" classname="com.qa.tiatros.gratitudeJournal.testcase.TC010"/>
</testsuite> <!-- com.qa.tiatros.gratitudeJournal.testcase.TC010 -->
