<?xml version="1.0" encoding="UTF-8"?>
<!-- Generated by org.testng.reporters.JUnitReportReporter -->
<testsuite skipped="0" hostname="Satishs-iMac.local" name="com.qa.tiatros.messaging.testcase.TC001" tests="1" failures="0" timestamp="17 Feb 2020 08:35:30 GMT" time="56.694" errors="0">
  <testcase name="addNewMessage" time="56.694" classname="com.qa.tiatros.messaging.testcase.TC001"/>
</testsuite> <!-- com.qa.tiatros.messaging.testcase.TC001 -->
