<?xml version="1.0" encoding="UTF-8"?>
<!-- Generated by org.testng.reporters.JUnitReportReporter -->
<testsuite skipped="0" hostname="Satishs-iMac.local" name="com.qa.tiatros.messaging.testcase.TC010" tests="1" failures="0" timestamp="30 Jan 2020 09:09:48 GMT" time="168.892" errors="0">
  <testcase name="addMultipleMessagePost" time="168.892" classname="com.qa.tiatros.messaging.testcase.TC010"/>
</testsuite> <!-- com.qa.tiatros.messaging.testcase.TC010 -->
