<?xml version="1.0" encoding="UTF-8"?>
<!-- Generated by org.testng.reporters.JUnitReportReporter -->
<testsuite skipped="0" hostname="Satishs-iMac.local" name="com.qa.tiatros.messaging.testcase.TC006" tests="1" failures="0" timestamp="06 Feb 2020 08:00:40 GMT" time="44.798" errors="0">
  <testcase name="clickAllTilesInMessages" time="44.798" classname="com.qa.tiatros.messaging.testcase.TC006"/>
</testsuite> <!-- com.qa.tiatros.messaging.testcase.TC006 -->
