<?xml version="1.0" encoding="UTF-8"?>
<!-- Generated by org.testng.reporters.JUnitReportReporter -->
<testsuite skipped="0" hostname="Satishs-iMac.local" name="com.qa.tiatros.messaging.testcase.TC003" tests="1" failures="0" timestamp="17 Feb 2020 10:09:11 GMT" time="44.890" errors="0">
  <testcase name="addReplyComments" time="44.890" classname="com.qa.tiatros.messaging.testcase.TC003"/>
</testsuite> <!-- com.qa.tiatros.messaging.testcase.TC003 -->
