<?xml version="1.0" encoding="UTF-8"?>
<!-- Generated by org.testng.reporters.JUnitReportReporter -->
<testsuite skipped="0" hostname="AnuKrish" name="com.qa.tiatros.gratitudeJournal.testcase.TC03" tests="3" failures="0" timestamp="13 Jun 2020 09:24:21 GMT" time="249.294" errors="0">
  <testcase name="addMultiPost_MyOrganisation" time="53.401" classname="com.qa.tiatros.gratitudeJournal.testcase.TC03"/>
  <testcase name="addMultiPost_MyOrganisation" time="60.855" classname="com.qa.tiatros.gratitudeJournal.testcase.TC03"/>
  <testcase name="addMultiPost_MyOrganisation" time="135.038" classname="com.qa.tiatros.gratitudeJournal.testcase.TC03"/>
</testsuite> <!-- com.qa.tiatros.gratitudeJournal.testcase.TC03 -->
