<?xml version="1.0" encoding="UTF-8"?>
<!-- Generated by org.testng.reporters.JUnitReportReporter -->
<testsuite skipped="0" hostname="Satishs-iMac.local" name="com.qa.tiatros.gratitudeJournal.testcase.TC03" tests="3" failures="0" timestamp="24 Feb 2020 07:31:11 GMT" time="78.724" errors="0">
  <testcase name="addMultiPost_MyOrganisation" time="26.269" classname="com.qa.tiatros.gratitudeJournal.testcase.TC03"/>
  <testcase name="addMultiPost_MyOrganisation" time="26.214" classname="com.qa.tiatros.gratitudeJournal.testcase.TC03"/>
  <testcase name="addMultiPost_MyOrganisation" time="26.241" classname="com.qa.tiatros.gratitudeJournal.testcase.TC03"/>
</testsuite> <!-- com.qa.tiatros.gratitudeJournal.testcase.TC03 -->
