<?xml version="1.0" encoding="UTF-8"?>
<!-- Generated by org.testng.reporters.JUnitReportReporter -->
<testsuite skipped="0" hostname="Satishs-iMac.local" name="com.qa.tiatros.gratitudeJournal.testcase.TC05" tests="1" failures="0" timestamp="24 Feb 2020 07:31:11 GMT" time="23.431" errors="0">
  <testcase name="validateBlankPost" time="23.431" classname="com.qa.tiatros.gratitudeJournal.testcase.TC05"/>
</testsuite> <!-- com.qa.tiatros.gratitudeJournal.testcase.TC05 -->
