<?xml version="1.0" encoding="UTF-8"?>
<!-- Generated by org.testng.reporters.JUnitReportReporter -->
<testsuite skipped="0" hostname="AnuKrish" name="com.qa.tiatros.messaging.testcase.TC004" tests="1" failures="0" timestamp="21 Jun 2020 08:17:36 GMT" time="98.688" errors="0">
  <testcase name="heartIconClick" time="98.688" classname="com.qa.tiatros.messaging.testcase.TC004"/>
</testsuite> <!-- com.qa.tiatros.messaging.testcase.TC004 -->
