<?xml version="1.0" encoding="UTF-8"?>
<!-- Generated by org.testng.reporters.JUnitReportReporter -->
<testsuite skipped="0" hostname="AnuKrish" name="com.qa.tiatros.regressionSuite.testcase.TC03" tests="1" failures="0" timestamp="29 Apr 2020 12:48:28 GMT" time="90.160" errors="0">
  <testcase name="regression_TC02" time="90.160" classname="com.qa.tiatros.regressionSuite.testcase.TC03"/>
</testsuite> <!-- com.qa.tiatros.regressionSuite.testcase.TC03 -->
