<?xml version="1.0" encoding="UTF-8"?>
<!-- Generated by org.testng.reporters.JUnitReportReporter -->
<testsuite skipped="0" hostname="Satishs-iMac.local" name="com.qa.tiatros.gratitudeJournal.testcase.TC04" tests="3" failures="0" timestamp="24 Feb 2020 07:31:11 GMT" time="78.982" errors="0">
  <testcase name="addMultiPost_World" time="26.275" classname="com.qa.tiatros.gratitudeJournal.testcase.TC04"/>
  <testcase name="addMultiPost_World" time="26.227" classname="com.qa.tiatros.gratitudeJournal.testcase.TC04"/>
  <testcase name="addMultiPost_World" time="26.480" classname="com.qa.tiatros.gratitudeJournal.testcase.TC04"/>
</testsuite> <!-- com.qa.tiatros.gratitudeJournal.testcase.TC04 -->
