<?xml version="1.0" encoding="UTF-8"?>
<!-- Generated by org.testng.reporters.JUnitReportReporter -->
<testsuite skipped="0" hostname="Satishs-iMac.local" name="com.qa.tiatros.modertor.testcase.TC01" tests="1" failures="0" timestamp="04 Sep 2019 11:42:01 GMT" time="38.946" errors="0">
  <testcase name="addNewMessage" time="38.946" classname="com.qa.tiatros.modertor.testcase.TC01"/>
</testsuite> <!-- com.qa.tiatros.modertor.testcase.TC01 -->
