<?xml version="1.0" encoding="UTF-8"?>
<!-- Generated by org.testng.reporters.JUnitReportReporter -->
<testsuite skipped="0" hostname="Satishs-iMac.local" name="com.qa.tiatros.gratitudeJournal.testcase.TC04" tests="3" failures="0" timestamp="2020-02-27T11:24:17 IST" time="94.520" errors="0">
  <testcase name="addMultiPost_World" time="35.860" classname="com.qa.tiatros.gratitudeJournal.testcase.TC04"/>
  <system-out/>
  <testcase name="addMultiPost_World" time="30.848" classname="com.qa.tiatros.gratitudeJournal.testcase.TC04"/>
  <system-out/>
  <testcase name="addMultiPost_World" time="27.812" classname="com.qa.tiatros.gratitudeJournal.testcase.TC04"/>
  <system-out/>
</testsuite> <!-- com.qa.tiatros.gratitudeJournal.testcase.TC04 -->
