<?xml version="1.0" encoding="UTF-8"?>
<!-- Generated by org.testng.reporters.JUnitReportReporter -->
<testsuite skipped="0" hostname="Satishs-iMac.local" name="com.qa.tiatros.registration.testcase.TC006" tests="1" failures="0" timestamp="05 Sep 2019 09:30:42 GMT" time="30.265" errors="0">
  <testcase name="click_phq9Page_after_SignIN" time="30.265" classname="com.qa.tiatros.registration.testcase.TC006"/>
</testsuite> <!-- com.qa.tiatros.registration.testcase.TC006 -->
