<?xml version="1.0" encoding="UTF-8"?>
<!-- Generated by org.testng.reporters.JUnitReportReporter -->
<testsuite skipped="0" hostname="Satishs-iMac.local" name="com.qa.tiatros.gratitudeJournal.testcase.TC09" tests="1" failures="0" timestamp="24 Feb 2020 07:31:11 GMT" time="135.651" errors="0">
  <testcase name="eDit_Journal_MyOrganisation" time="135.651" classname="com.qa.tiatros.gratitudeJournal.testcase.TC09"/>
</testsuite> <!-- com.qa.tiatros.gratitudeJournal.testcase.TC09 -->
