<?xml version="1.0" encoding="UTF-8"?>
<!-- Generated by org.testng.reporters.JUnitReportReporter -->
<testsuite skipped="0" hostname="AnuKrish" name="com.qa.tiatros.gratitudeJournal.testcase.TC02" tests="1" failures="0" timestamp="13 Jun 2020 09:24:21 GMT" time="122.749" errors="0">
  <testcase name="addMultiPost_GROUP" time="122.749" classname="com.qa.tiatros.gratitudeJournal.testcase.TC02"/>
</testsuite> <!-- com.qa.tiatros.gratitudeJournal.testcase.TC02 -->
