<?xml version="1.0" encoding="UTF-8"?>
<!-- Generated by org.testng.reporters.JUnitReportReporter -->
<testsuite skipped="0" hostname="AnuKrish" name="com.qa.tiatros.messaging.testcase.TC016" tests="1" failures="0" timestamp="21 Jun 2020 08:17:36 GMT" time="72.328" errors="0">
  <testcase name="peerReview" time="72.328" classname="com.qa.tiatros.messaging.testcase.TC016"/>
</testsuite> <!-- com.qa.tiatros.messaging.testcase.TC016 -->
