<?xml version="1.0" encoding="UTF-8"?>
<!-- Generated by org.testng.reporters.JUnitReportReporter -->
<testsuite skipped="0" hostname="Satishs-iMac.local" name="com.qa.tiatros.gratitudeJournal.testcase.TC03" tests="3" failures="0" timestamp="21 Feb 2020 06:01:51 GMT" time="87.904" errors="0">
  <testcase name="addMultiPost_MyOrganisation" time="26.748" classname="com.qa.tiatros.gratitudeJournal.testcase.TC03"/>
  <testcase name="addMultiPost_MyOrganisation" time="31.580" classname="com.qa.tiatros.gratitudeJournal.testcase.TC03"/>
  <testcase name="addMultiPost_MyOrganisation" time="29.576" classname="com.qa.tiatros.gratitudeJournal.testcase.TC03"/>
</testsuite> <!-- com.qa.tiatros.gratitudeJournal.testcase.TC03 -->
