<?xml version="1.0" encoding="UTF-8"?>
<!-- Generated by org.testng.reporters.JUnitReportReporter -->
<testsuite skipped="0" hostname="Satishs-iMac.local" name="com.qa.tiatros.gratitudeJournal.testcase.TC06" tests="1" failures="0" timestamp="2020-02-26T14:57:47 IST" time="28.358" errors="0">
  <testcase name="sEE_ALL_Messages" time="28.358" classname="com.qa.tiatros.gratitudeJournal.testcase.TC06"/>
  <system-out/>
</testsuite> <!-- com.qa.tiatros.gratitudeJournal.testcase.TC06 -->
