<?xml version="1.0" encoding="UTF-8"?>
<!-- Generated by org.testng.reporters.JUnitReportReporter -->
<testsuite skipped="3" hostname="Satishs-iMac.local" name="com.qa.tiatros.registration.testcase.DashboardTest" tests="4" failures="0" timestamp="23 Aug 2019 11:20:58 GMT" time="261.700" errors="0">
  <testcase name="dashboard_Click_All" time="261.700" classname="com.qa.tiatros.registration.testcase.DashboardTest"/>
  <testcase name="click_Phq9Page" classname="com.qa.tiatros.registration.testcase.DashboardTest">
    <skipped/>
  </testcase> <!-- click_Phq9Page -->
  <testcase name="click_Gad7Page" classname="com.qa.tiatros.registration.testcase.DashboardTest">
    <skipped/>
  </testcase> <!-- click_Gad7Page -->
  <testcase name="dashboard_Click_All_Phone" classname="com.qa.tiatros.registration.testcase.DashboardTest">
    <skipped/>
  </testcase> <!-- dashboard_Click_All_Phone -->
</testsuite> <!-- com.qa.tiatros.registration.testcase.DashboardTest -->
