<?xml version="1.0" encoding="UTF-8"?>
<!-- Generated by org.testng.reporters.JUnitReportReporter -->
<testsuite skipped="0" hostname="AnuKrish" name="com.qa.tiatros.gratitudeJournal.testcase.TC01" tests="1" failures="0" timestamp="22 Jun 2020 11:38:09 GMT" time="40.751" errors="0">
  <testcase name="addMultiPost_ME" time="40.751" classname="com.qa.tiatros.gratitudeJournal.testcase.TC01"/>
</testsuite> <!-- com.qa.tiatros.gratitudeJournal.testcase.TC01 -->
