<?xml version="1.0" encoding="UTF-8"?>
<!-- Generated by org.testng.reporters.JUnitReportReporter -->
<testsuite skipped="0" hostname="Satishs-iMac.local" name="com.qa.tiatros.gratitudeJournal.testcase.TC01" tests="5" failures="0" timestamp="03 Mar 2020 06:43:50 GMT" time="140.778" errors="0">
  <testcase name="addMultiPost_ME" time="26.996" classname="com.qa.tiatros.gratitudeJournal.testcase.TC01"/>
  <testcase name="addMultiPost_ME" time="27.637" classname="com.qa.tiatros.gratitudeJournal.testcase.TC01"/>
  <testcase name="addMultiPost_ME" time="27.918" classname="com.qa.tiatros.gratitudeJournal.testcase.TC01"/>
  <testcase name="addMultiPost_ME" time="28.152" classname="com.qa.tiatros.gratitudeJournal.testcase.TC01"/>
  <testcase name="addMultiPost_ME" time="30.075" classname="com.qa.tiatros.gratitudeJournal.testcase.TC01"/>
</testsuite> <!-- com.qa.tiatros.gratitudeJournal.testcase.TC01 -->
