<?xml version="1.0" encoding="UTF-8"?>
<!-- Generated by org.testng.reporters.JUnitReportReporter -->
<testsuite skipped="0" hostname="Satishs-iMac.local" name="com.qa.tiatros.gratitudeJournal.testcase.TC05" tests="1" failures="0" timestamp="2020-02-27T11:24:17 IST" time="30.638" errors="0">
  <testcase name="validateBlankPost" time="30.638" classname="com.qa.tiatros.gratitudeJournal.testcase.TC05"/>
  <system-out/>
</testsuite> <!-- com.qa.tiatros.gratitudeJournal.testcase.TC05 -->
