<?xml version="1.0" encoding="UTF-8"?>
<!-- Generated by org.testng.reporters.JUnitReportReporter -->
<testsuite skipped="0" hostname="AnuKrish" name="com.qa.tiatros.gratitudeJournal.testcase.TC09" tests="1" failures="0" timestamp="22 Jun 2020 11:38:09 GMT" time="49.947" errors="0">
  <testcase name="eDit_Journal_MyOrganisation" time="49.947" classname="com.qa.tiatros.gratitudeJournal.testcase.TC09"/>
</testsuite> <!-- com.qa.tiatros.gratitudeJournal.testcase.TC09 -->
