<?xml version="1.0" encoding="UTF-8"?>
<!-- Generated by org.testng.reporters.JUnitReportReporter -->
<testsuite skipped="0" hostname="Satishs-iMac.local" name="com.qa.tiatros.gratitudeJournal.testcase.TC07" tests="1" failures="0" timestamp="20 Feb 2020 11:30:44 GMT" time="122.912" errors="0">
  <testcase name="validateBlankPost" time="122.912" classname="com.qa.tiatros.gratitudeJournal.testcase.TC07"/>
</testsuite> <!-- com.qa.tiatros.gratitudeJournal.testcase.TC07 -->
