<?xml version="1.0" encoding="UTF-8"?>
<!-- Generated by org.testng.reporters.JUnitReportReporter -->
<testsuite skipped="0" hostname="AnuKrish" name="com.qa.tiatros.messaging.testcase.TC003" tests="1" failures="0" timestamp="07 May 2020 07:29:20 GMT" time="54.526" errors="0">
  <testcase name="addReplyComments" time="54.526" classname="com.qa.tiatros.messaging.testcase.TC003"/>
</testsuite> <!-- com.qa.tiatros.messaging.testcase.TC003 -->
