<?xml version="1.0" encoding="UTF-8"?>
<!-- Generated by org.testng.reporters.JUnitReportReporter -->
<testsuite skipped="0" hostname="Satishs-iMac.local" name="com.qa.tiatros.registration.testcase.TC001" tests="1" failures="0" timestamp="12 Nov 2019 07:06:17 GMT" time="243.460" errors="0">
  <testcase name="registration_E2E_WithoutPhnNum" time="243.460" classname="com.qa.tiatros.registration.testcase.TC001"/>
</testsuite> <!-- com.qa.tiatros.registration.testcase.TC001 -->
