<?xml version="1.0" encoding="UTF-8"?>
<!-- Generated by org.testng.reporters.JUnitReportReporter -->
<testsuite skipped="0" hostname="Satishs-iMac.local" name="com.qa.tiatros.gratitudeJournal.testcase.TC01" tests="3" failures="0" timestamp="19 Feb 2020 12:53:53 GMT" time="82.145" errors="0">
  <testcase name="addMultiPost_ME" time="27.271" classname="com.qa.tiatros.gratitudeJournal.testcase.TC01"/>
  <testcase name="addMultiPost_ME" time="28.123" classname="com.qa.tiatros.gratitudeJournal.testcase.TC01"/>
  <testcase name="addMultiPost_ME" time="26.751" classname="com.qa.tiatros.gratitudeJournal.testcase.TC01"/>
</testsuite> <!-- com.qa.tiatros.gratitudeJournal.testcase.TC01 -->
