<?xml version="1.0" encoding="UTF-8"?>
<!-- Generated by org.testng.reporters.JUnitReportReporter -->
<testsuite skipped="0" hostname="AnuKrish" name="com.qa.tiatros.regressionSuite.testcase.TC02" tests="1" failures="0" timestamp="01 May 2020 08:01:13 GMT" time="45.463" errors="0">
  <testcase name="regression_TC02" time="45.463" classname="com.qa.tiatros.regressionSuite.testcase.TC02"/>
</testsuite> <!-- com.qa.tiatros.regressionSuite.testcase.TC02 -->
