<?xml version="1.0" encoding="UTF-8"?>
<!-- Generated by org.testng.reporters.JUnitReportReporter -->
<testsuite skipped="0" hostname="Satishs-iMac.local" name="com.qa.tiatros.messaging.testcase.TC001" tests="1" failures="0" timestamp="27 Aug 2019 07:18:00 GMT" time="44.233" errors="0">
  <testcase name="addNewMessage" time="44.233" classname="com.qa.tiatros.messaging.testcase.TC001"/>
</testsuite> <!-- com.qa.tiatros.messaging.testcase.TC001 -->
