<?xml version="1.0" encoding="UTF-8"?>
<!-- Generated by org.testng.reporters.JUnitReportReporter -->
<testsuite skipped="0" hostname="AnuKrish" name="com.qa.tiatros.regressionSuite.testcase.TC04" tests="1" failures="0" timestamp="05 May 2020 09:42:37 GMT" time="46.968" errors="0">
  <testcase name="regression_TC04" time="46.968" classname="com.qa.tiatros.regressionSuite.testcase.TC04"/>
</testsuite> <!-- com.qa.tiatros.regressionSuite.testcase.TC04 -->
