<?xml version="1.0" encoding="UTF-8"?>
<!-- Generated by org.testng.reporters.JUnitReportReporter -->
<testsuite skipped="0" hostname="Satishs-iMac.local" name="com.qa.tiatros.gratitudeJournal.testcase.TC03" tests="3" failures="0" timestamp="2020-02-27T11:24:17 IST" time="87.173" errors="0">
  <testcase name="addMultiPost_MyOrganisation" time="28.603" classname="com.qa.tiatros.gratitudeJournal.testcase.TC03"/>
  <system-out/>
  <testcase name="addMultiPost_MyOrganisation" time="30.244" classname="com.qa.tiatros.gratitudeJournal.testcase.TC03"/>
  <system-out/>
  <testcase name="addMultiPost_MyOrganisation" time="28.326" classname="com.qa.tiatros.gratitudeJournal.testcase.TC03"/>
  <system-out/>
</testsuite> <!-- com.qa.tiatros.gratitudeJournal.testcase.TC03 -->
