<?xml version="1.0" encoding="UTF-8"?>
<!-- Generated by org.testng.reporters.JUnitReportReporter -->
<testsuite skipped="0" hostname="AnuKrish" name="com.qa.tiatros.registration.testcase.TC003" tests="1" failures="0" timestamp="20 Apr 2020 10:27:01 GMT" time="64.657" errors="0">
  <testcase name="direct_Dashboard" time="64.657" classname="com.qa.tiatros.registration.testcase.TC003"/>
</testsuite> <!-- com.qa.tiatros.registration.testcase.TC003 -->
