<?xml version="1.0" encoding="UTF-8"?>
<!-- Generated by org.testng.reporters.JUnitReportReporter -->
<testsuite skipped="0" hostname="AnuKrish" name="com.qa.tiatros.gratitudeJournal.testcase.TC04" tests="3" failures="0" timestamp="13 Jun 2020 09:24:21 GMT" time="181.338" errors="0">
  <testcase name="addMultiPost_World" time="66.647" classname="com.qa.tiatros.gratitudeJournal.testcase.TC04"/>
  <testcase name="addMultiPost_World" time="51.911" classname="com.qa.tiatros.gratitudeJournal.testcase.TC04"/>
  <testcase name="addMultiPost_World" time="62.780" classname="com.qa.tiatros.gratitudeJournal.testcase.TC04"/>
</testsuite> <!-- com.qa.tiatros.gratitudeJournal.testcase.TC04 -->
