<?xml version="1.0" encoding="UTF-8"?>
<!-- Generated by org.testng.reporters.JUnitReportReporter -->
<testsuite skipped="0" hostname="AnuKrish" name="com.qa.tiatros.regressionSuite.testcase.TC01" tests="1" failures="0" timestamp="16 Jun 2020 09:19:55 GMT" time="63.438" errors="0">
  <testcase name="regression_TC01" time="63.438" classname="com.qa.tiatros.regressionSuite.testcase.TC01"/>
</testsuite> <!-- com.qa.tiatros.regressionSuite.testcase.TC01 -->
