<?xml version="1.0" encoding="UTF-8"?>
<!-- Generated by org.testng.reporters.JUnitReportReporter -->
<testsuite skipped="0" hostname="Satishs-iMac.local" name="com.qa.tiatros.messaging.testcase.TC010" tests="1" failures="0" timestamp="2020-02-26T17:49:39 IST" time="133.557" errors="0">
  <testcase name="addMultipleMessagePost" time="133.557" classname="com.qa.tiatros.messaging.testcase.TC010"/>
  <system-out/>
</testsuite> <!-- com.qa.tiatros.messaging.testcase.TC010 -->
