<?xml version="1.0" encoding="UTF-8"?>
<!-- Generated by org.testng.reporters.JUnitReportReporter -->
<testsuite skipped="0" hostname="Satishs-iMac.local" name="com.qa.tiatros.gratitudeJournal.testcase.TC08" tests="1" failures="0" timestamp="20 Feb 2020 12:15:28 GMT" time="60.734" errors="0">
  <testcase name="eDit_Journal_Group" time="60.734" classname="com.qa.tiatros.gratitudeJournal.testcase.TC08"/>
</testsuite> <!-- com.qa.tiatros.gratitudeJournal.testcase.TC08 -->
