<?xml version="1.0" encoding="UTF-8"?>
<!-- Generated by org.testng.reporters.JUnitReportReporter -->
<testsuite skipped="0" hostname="Satishs-iMac.local" name="com.qa.tiatros.gratitudeJournal.testcase.TC06" tests="1" failures="0" timestamp="21 Feb 2020 06:01:51 GMT" time="27.209" errors="0">
  <testcase name="sEE_ALL_Messages" time="27.209" classname="com.qa.tiatros.gratitudeJournal.testcase.TC06"/>
</testsuite> <!-- com.qa.tiatros.gratitudeJournal.testcase.TC06 -->
