<?xml version="1.0" encoding="UTF-8"?>
<!-- Generated by org.testng.reporters.JUnitReportReporter -->
<testsuite skipped="0" hostname="AnuKrish" name="com.qa.tiatros.regressionSuite.testcase.TC01" tests="1" failures="0" timestamp="27 Apr 2020 14:02:36 GMT" time="77.002" errors="0">
  <testcase name="regression_TC01" time="77.002" classname="com.qa.tiatros.regressionSuite.testcase.TC01"/>
</testsuite> <!-- com.qa.tiatros.regressionSuite.testcase.TC01 -->
