<?xml version="1.0" encoding="UTF-8"?>
<!-- Generated by org.testng.reporters.JUnitReportReporter -->
<testsuite skipped="0" hostname="AnuKrish" name="com.qa.tiatros.messaging.testcase.TC010" tests="1" failures="0" timestamp="15 May 2020 12:11:29 GMT" time="194.889" errors="0">
  <testcase name="addMultipleMessagePost" time="194.889" classname="com.qa.tiatros.messaging.testcase.TC010"/>
</testsuite> <!-- com.qa.tiatros.messaging.testcase.TC010 -->
