<?xml version="1.0" encoding="UTF-8"?>
<!-- Generated by org.testng.reporters.JUnitReportReporter -->
<testsuite skipped="0" hostname="AnuKrish" name="com.qa.tiatros.messaging.testcase.TC010" tests="1" failures="0" timestamp="21 Jun 2020 08:17:36 GMT" time="176.196" errors="0">
  <testcase name="addMultipleMessagePost" time="176.196" classname="com.qa.tiatros.messaging.testcase.TC010"/>
</testsuite> <!-- com.qa.tiatros.messaging.testcase.TC010 -->
