<?xml version="1.0" encoding="UTF-8"?>
<!-- Generated by org.testng.reporters.JUnitReportReporter -->
<testsuite skipped="0" hostname="Satishs-iMac.local" name="com.qa.tiatros.gratitudeJournal.testcase.TC07" tests="1" failures="0" timestamp="24 Feb 2020 07:31:11 GMT" time="131.333" errors="0">
  <testcase name="eDit_Journal_ME" time="131.333" classname="com.qa.tiatros.gratitudeJournal.testcase.TC07"/>
</testsuite> <!-- com.qa.tiatros.gratitudeJournal.testcase.TC07 -->
