<?xml version="1.0" encoding="UTF-8"?>
<!-- Generated by org.testng.reporters.JUnitReportReporter -->
<testsuite skipped="0" hostname="Satishs-iMac.local" name="com.qa.tiatros.messaging.testcase.TC003" tests="1" failures="0" timestamp="2020-02-26T17:49:39 IST" time="65.855" errors="0">
  <testcase name="addReplyComments" time="65.855" classname="com.qa.tiatros.messaging.testcase.TC003"/>
  <system-out/>
</testsuite> <!-- com.qa.tiatros.messaging.testcase.TC003 -->
