<?xml version="1.0" encoding="UTF-8"?>
<!-- Generated by org.testng.reporters.JUnitReportReporter -->
<testsuite skipped="0" hostname="AnuKrish" name="com.qa.tiatros.messaging.testcase.TC011" tests="1" failures="0" timestamp="21 Jun 2020 08:17:36 GMT" time="94.278" errors="0">
  <testcase name="clickAllReportAbouse" time="94.278" classname="com.qa.tiatros.messaging.testcase.TC011"/>
</testsuite> <!-- com.qa.tiatros.messaging.testcase.TC011 -->
