<?xml version="1.0" encoding="UTF-8"?>
<!-- Generated by org.testng.reporters.JUnitReportReporter -->
<testsuite skipped="0" hostname="Satishs-iMac.local" name="com.qa.tiatros.gratitudeJournal.testcase.TC02" tests="1" failures="0" timestamp="19 Feb 2020 12:53:53 GMT" time="29.013" errors="0">
  <testcase name="addMultiPost_GROUP" time="29.013" classname="com.qa.tiatros.gratitudeJournal.testcase.TC02"/>
</testsuite> <!-- com.qa.tiatros.gratitudeJournal.testcase.TC02 -->
