<?xml version="1.0" encoding="UTF-8"?>
<!-- Generated by org.testng.reporters.JUnitReportReporter -->
<testsuite skipped="0" hostname="Satishs-iMac.local" name="com.qa.tiatros.gratitudeJournal.testcase.TC06" tests="1" failures="0" timestamp="24 Feb 2020 07:31:11 GMT" time="25.940" errors="0">
  <testcase name="sEE_ALL_Messages" time="25.940" classname="com.qa.tiatros.gratitudeJournal.testcase.TC06"/>
</testsuite> <!-- com.qa.tiatros.gratitudeJournal.testcase.TC06 -->
