<?xml version="1.0" encoding="UTF-8"?>
<!-- Generated by org.testng.reporters.JUnitReportReporter -->
<testsuite skipped="0" hostname="Satishs-iMac.local" name="com.qa.tiatros.modertor.testcase.TC01" tests="1" failures="0" timestamp="16 Sep 2019 07:22:15 GMT" time="57.462" errors="0">
  <testcase name="review_goal_setting_color" time="57.462" classname="com.qa.tiatros.modertor.testcase.TC01"/>
</testsuite> <!-- com.qa.tiatros.modertor.testcase.TC01 -->
