<?xml version="1.0" encoding="UTF-8"?>
<!-- Generated by org.testng.reporters.JUnitReportReporter -->
<testsuite skipped="0" hostname="Satishs-iMac.local" name="com.qa.tiatros.gratitudeJournal.testcase.TC07" tests="1" failures="0" timestamp="2020-02-26T14:57:47 IST" time="133.325" errors="0">
  <testcase name="eDit_Journal_ME" time="133.325" classname="com.qa.tiatros.gratitudeJournal.testcase.TC07"/>
  <system-out/>
</testsuite> <!-- com.qa.tiatros.gratitudeJournal.testcase.TC07 -->
