<?xml version="1.0" encoding="UTF-8"?>
<!-- Generated by org.testng.reporters.JUnitReportReporter -->
<testsuite skipped="0" hostname="Satishs-iMac.local" name="com.qa.tiatros.messaging.testcase.TC011" tests="1" failures="0" timestamp="17 Feb 2020 10:09:11 GMT" time="34.301" errors="0">
  <testcase name="myGroupSection" time="34.301" classname="com.qa.tiatros.messaging.testcase.TC011"/>
</testsuite> <!-- com.qa.tiatros.messaging.testcase.TC011 -->
