<?xml version="1.0" encoding="UTF-8"?>
<!-- Generated by org.testng.reporters.JUnitReportReporter -->
<testsuite skipped="0" hostname="Satishs-iMac.local" name="com.qa.tiatros.registration.testcase.TC001" tests="6" failures="0" timestamp="24 Jan 2020 06:22:23 GMT" time="1302.605" errors="0">
  <testcase name="registration_E2E_WithoutPhnNum" time="216.500" classname="com.qa.tiatros.registration.testcase.TC001"/>
  <testcase name="registration_E2E_WithoutPhnNum" time="218.691" classname="com.qa.tiatros.registration.testcase.TC001"/>
  <testcase name="registration_E2E_WithoutPhnNum" time="216.661" classname="com.qa.tiatros.registration.testcase.TC001"/>
  <testcase name="registration_E2E_WithoutPhnNum" time="215.963" classname="com.qa.tiatros.registration.testcase.TC001"/>
  <testcase name="registration_E2E_WithoutPhnNum" time="216.700" classname="com.qa.tiatros.registration.testcase.TC001"/>
  <testcase name="registration_E2E_WithoutPhnNum" time="218.090" classname="com.qa.tiatros.registration.testcase.TC001"/>
</testsuite> <!-- com.qa.tiatros.registration.testcase.TC001 -->
