<?xml version="1.0" encoding="UTF-8"?>
<!-- Generated by org.testng.reporters.JUnitReportReporter -->
<testsuite skipped="0" hostname="AnuKrish" name="com.qa.tiatros.regressionSuite.testcase.TC03" tests="1" failures="0" timestamp="16 Jun 2020 09:19:55 GMT" time="73.124" errors="0">
  <testcase name="regression_TC03" time="73.124" classname="com.qa.tiatros.regressionSuite.testcase.TC03"/>
</testsuite> <!-- com.qa.tiatros.regressionSuite.testcase.TC03 -->
