<?xml version="1.0" encoding="UTF-8"?>
<!-- Generated by org.testng.reporters.JUnitReportReporter -->
<testsuite skipped="0" hostname="Satishs-iMac.local" name="com.qa.tiatros.gratitudeJournal.testcase.TC06" tests="1" failures="0" timestamp="2020-02-27T11:24:17 IST" time="30.010" errors="0">
  <testcase name="sEE_ALL_Messages" time="30.010" classname="com.qa.tiatros.gratitudeJournal.testcase.TC06"/>
  <system-out/>
</testsuite> <!-- com.qa.tiatros.gratitudeJournal.testcase.TC06 -->
