<?xml version="1.0" encoding="UTF-8"?>
<!-- Generated by org.testng.reporters.JUnitReportReporter -->
<testsuite skipped="0" hostname="Satishs-iMac.local" name="com.qa.tiatros.gratitudeJournal.testcase.TC05" tests="3" failures="0" timestamp="19 Feb 2020 12:53:53 GMT" time="72.349" errors="0">
  <testcase name="validateBlankPost" time="24.134" classname="com.qa.tiatros.gratitudeJournal.testcase.TC05"/>
  <testcase name="validateBlankPost" time="23.804" classname="com.qa.tiatros.gratitudeJournal.testcase.TC05"/>
  <testcase name="validateBlankPost" time="24.411" classname="com.qa.tiatros.gratitudeJournal.testcase.TC05"/>
</testsuite> <!-- com.qa.tiatros.gratitudeJournal.testcase.TC05 -->
