<?xml version="1.0" encoding="UTF-8"?>
<!-- Generated by org.testng.reporters.JUnitReportReporter -->
<testsuite skipped="0" hostname="Satishs-iMac.local" name="com.qa.tiatros.gratitudeJournal.testcase.TC03" tests="3" failures="0" timestamp="03 Mar 2020 06:36:31 GMT" time="82.255" errors="0">
  <testcase name="addMultiPost_MyOrganisation" time="27.885" classname="com.qa.tiatros.gratitudeJournal.testcase.TC03"/>
  <testcase name="addMultiPost_MyOrganisation" time="27.039" classname="com.qa.tiatros.gratitudeJournal.testcase.TC03"/>
  <testcase name="addMultiPost_MyOrganisation" time="27.331" classname="com.qa.tiatros.gratitudeJournal.testcase.TC03"/>
</testsuite> <!-- com.qa.tiatros.gratitudeJournal.testcase.TC03 -->
