<?xml version="1.0" encoding="UTF-8"?>
<!-- Generated by org.testng.reporters.JUnitReportReporter -->
<testsuite skipped="0" hostname="Satishs-iMac.local" name="com.qa.tiatros.messaging.testcase.TC002" tests="1" failures="0" timestamp="04 Feb 2020 06:13:54 GMT" time="60.932" errors="0">
  <testcase name="upLoadImage" time="60.932" classname="com.qa.tiatros.messaging.testcase.TC002"/>
</testsuite> <!-- com.qa.tiatros.messaging.testcase.TC002 -->
