<?xml version="1.0" encoding="UTF-8"?>
<!-- Generated by org.testng.reporters.JUnitReportReporter -->
<testsuite skipped="0" hostname="Satishs-iMac.local" name="com.qa.tiatros.gratitudeJournal.testcase.TC04" tests="3" failures="0" timestamp="03 Mar 2020 06:36:31 GMT" time="82.810" errors="0">
  <testcase name="addMultiPost_World" time="27.232" classname="com.qa.tiatros.gratitudeJournal.testcase.TC04"/>
  <testcase name="addMultiPost_World" time="27.485" classname="com.qa.tiatros.gratitudeJournal.testcase.TC04"/>
  <testcase name="addMultiPost_World" time="28.093" classname="com.qa.tiatros.gratitudeJournal.testcase.TC04"/>
</testsuite> <!-- com.qa.tiatros.gratitudeJournal.testcase.TC04 -->
