<?xml version="1.0" encoding="UTF-8"?>
<!-- Generated by org.testng.reporters.JUnitReportReporter -->
<testsuite skipped="0" hostname="AnuKrish" name="com.qa.tiatros.regressionSuite.testcase.TC05" tests="1" failures="0" timestamp="27 May 2020 11:29:30 GMT" time="70.306" errors="0">
  <testcase name="regression_TC05" time="70.306" classname="com.qa.tiatros.regressionSuite.testcase.TC05"/>
</testsuite> <!-- com.qa.tiatros.regressionSuite.testcase.TC05 -->
