<?xml version="1.0" encoding="UTF-8"?>
<!-- Generated by org.testng.reporters.JUnitReportReporter -->
<testsuite skipped="0" hostname="AnuKrish" name="com.qa.tiatros.gratitudeJournal.testcase.TC06" tests="1" failures="0" timestamp="13 Jun 2020 09:24:21 GMT" time="60.818" errors="0">
  <testcase name="sEE_ALL_Messages" time="60.818" classname="com.qa.tiatros.gratitudeJournal.testcase.TC06"/>
</testsuite> <!-- com.qa.tiatros.gratitudeJournal.testcase.TC06 -->
