<?xml version="1.0" encoding="UTF-8"?>
<!-- Generated by org.testng.reporters.JUnitReportReporter -->
<testsuite skipped="0" hostname="Satishs-iMac.local" name="com.qa.tiatros.registration.testcase.TC001" tests="1" failures="0" timestamp="05 Sep 2019 10:57:38 GMT" time="264.656" errors="0">
  <testcase name="registration_E2E_WithoutPhnNum" time="264.656" classname="com.qa.tiatros.registration.testcase.TC001"/>
</testsuite> <!-- com.qa.tiatros.registration.testcase.TC001 -->
