<?xml version="1.0" encoding="UTF-8"?>
<!-- Generated by org.testng.reporters.JUnitReportReporter -->
<testsuite skipped="0" hostname="Satishs-iMac.local" name="com.qa.tiatros.gratitudeJournal.testcase.TC06" tests="1" failures="0" timestamp="20 Feb 2020 10:09:22 GMT" time="64.802" errors="0">
  <testcase name="validateBlankPost" time="64.802" classname="com.qa.tiatros.gratitudeJournal.testcase.TC06"/>
</testsuite> <!-- com.qa.tiatros.gratitudeJournal.testcase.TC06 -->
