<?xml version="1.0" encoding="UTF-8"?>
<!-- Generated by org.testng.reporters.JUnitReportReporter -->
<testsuite skipped="0" hostname="Satishs-iMac.local" name="com.qa.tiatros.gratitudeJournal.testcase.TC05" tests="1" failures="0" timestamp="03 Mar 2020 06:36:31 GMT" time="23.731" errors="0">
  <testcase name="validateBlankPost" time="23.731" classname="com.qa.tiatros.gratitudeJournal.testcase.TC05"/>
</testsuite> <!-- com.qa.tiatros.gratitudeJournal.testcase.TC05 -->
