<?xml version="1.0" encoding="UTF-8"?>
<!-- Generated by org.testng.reporters.JUnitReportReporter -->
<testsuite skipped="0" hostname="AnuKrish" name="com.qa.tiatros.regressionSuite.testcase.TC02" tests="1" failures="0" timestamp="16 Jun 2020 09:19:55 GMT" time="58.386" errors="0">
  <testcase name="regression_TC02" time="58.386" classname="com.qa.tiatros.regressionSuite.testcase.TC02"/>
</testsuite> <!-- com.qa.tiatros.regressionSuite.testcase.TC02 -->
