<?xml version="1.0" encoding="UTF-8"?>
<!-- Generated by org.testng.reporters.JUnitReportReporter -->
<testsuite skipped="0" hostname="Satishs-iMac.local" name="com.qa.tiatros.messaging.testcase.TC003" tests="1" failures="0" timestamp="2020-02-26T15:12:10 IST" time="45.587" errors="0">
  <testcase name="addReplyComments" time="45.587" classname="com.qa.tiatros.messaging.testcase.TC003"/>
  <system-out/>
</testsuite> <!-- com.qa.tiatros.messaging.testcase.TC003 -->
