<?xml version="1.0" encoding="UTF-8"?>
<!-- Generated by org.testng.reporters.JUnitReportReporter -->
<testsuite skipped="0" hostname="AnuKrish" name="com.qa.tiatros.registration.testcase.TC001" tests="1" failures="0" timestamp="13 Jul 2020 12:35:34 GMT" time="225.269" errors="0">
  <testcase name="registration_E2E_WithoutPhnNum" time="225.269" classname="com.qa.tiatros.registration.testcase.TC001"/>
</testsuite> <!-- com.qa.tiatros.registration.testcase.TC001 -->
