<?xml version="1.0" encoding="UTF-8"?>
<!-- Generated by org.testng.reporters.JUnitReportReporter -->
<testsuite skipped="0" hostname="Satishs-iMac.local" name="com.qa.tiatros.messaging.testcase.TC004" tests="1" failures="0" timestamp="2020-02-26T15:12:10 IST" time="33.023" errors="0">
  <testcase name="heartIconClick" time="33.023" classname="com.qa.tiatros.messaging.testcase.TC004"/>
  <system-out/>
</testsuite> <!-- com.qa.tiatros.messaging.testcase.TC004 -->
