<?xml version="1.0" encoding="UTF-8"?>
<!-- Generated by org.testng.reporters.JUnitReportReporter -->
<testsuite skipped="0" hostname="Satishs-iMac.local" name="com.qa.tiatros.gratitudeJournal.testcase.TC04" tests="3" failures="0" timestamp="19 Feb 2020 12:53:53 GMT" time="84.244" errors="0">
  <testcase name="addMultiPost_World" time="28.092" classname="com.qa.tiatros.gratitudeJournal.testcase.TC04"/>
  <testcase name="addMultiPost_World" time="27.471" classname="com.qa.tiatros.gratitudeJournal.testcase.TC04"/>
  <testcase name="addMultiPost_World" time="28.681" classname="com.qa.tiatros.gratitudeJournal.testcase.TC04"/>
</testsuite> <!-- com.qa.tiatros.gratitudeJournal.testcase.TC04 -->
