<?xml version="1.0" encoding="UTF-8"?>
<!-- Generated by org.testng.reporters.JUnitReportReporter -->
<testsuite skipped="0" hostname="Satishs-iMac.local" name="com.qa.tiatros.messaging.testcase.TC014" tests="1" failures="0" timestamp="2020-02-26T17:49:38 IST" time="108.379" errors="0">
  <testcase name="userPersonalProgressSection" time="108.379" classname="com.qa.tiatros.messaging.testcase.TC014"/>
  <system-out/>
</testsuite> <!-- com.qa.tiatros.messaging.testcase.TC014 -->
