<?xml version="1.0" encoding="UTF-8"?>
<!-- Generated by org.testng.reporters.JUnitReportReporter -->
<testsuite skipped="0" hostname="AnuKrish" name="com.qa.tiatros.messaging.testcase.TC015" tests="1" failures="0" timestamp="21 Jun 2020 08:17:36 GMT" time="138.756" errors="0">
  <testcase name="fetchMyProgressResults" time="138.756" classname="com.qa.tiatros.messaging.testcase.TC015"/>
</testsuite> <!-- com.qa.tiatros.messaging.testcase.TC015 -->
