<?xml version="1.0" encoding="UTF-8"?>
<!-- Generated by org.testng.reporters.JUnitReportReporter -->
<testsuite skipped="0" hostname="AnuKrish" name="com.qa.tiatros.messaging.testcase.TC013" tests="1" failures="0" timestamp="21 Jun 2020 08:17:36 GMT" time="100.322" errors="0">
  <testcase name="profileChangeDetails" time="100.322" classname="com.qa.tiatros.messaging.testcase.TC013"/>
</testsuite> <!-- com.qa.tiatros.messaging.testcase.TC013 -->
