<?xml version="1.0" encoding="UTF-8"?>
<!-- Generated by org.testng.reporters.JUnitReportReporter -->
<testsuite skipped="0" hostname="Satishs-iMac.local" name="com.qa.tiatros.gratitudeJournal.testcase.TC03" tests="3" failures="0" timestamp="19 Feb 2020 12:53:53 GMT" time="82.573" errors="0">
  <testcase name="addMultiPost_MyOrganisation" time="27.659" classname="com.qa.tiatros.gratitudeJournal.testcase.TC03"/>
  <testcase name="addMultiPost_MyOrganisation" time="27.035" classname="com.qa.tiatros.gratitudeJournal.testcase.TC03"/>
  <testcase name="addMultiPost_MyOrganisation" time="27.879" classname="com.qa.tiatros.gratitudeJournal.testcase.TC03"/>
</testsuite> <!-- com.qa.tiatros.gratitudeJournal.testcase.TC03 -->
