<?xml version="1.0" encoding="UTF-8"?>
<!-- Generated by org.testng.reporters.JUnitReportReporter -->
<testsuite skipped="0" hostname="Satishs-iMac.local" name="com.qa.tiatros.gratitudeJournal.testcase.TC02" tests="6" failures="0" timestamp="19 Feb 2020 09:45:22 GMT" time="184.433" errors="0">
  <testcase name="addMultiPost_GROUP" time="30.953" classname="com.qa.tiatros.gratitudeJournal.testcase.TC02"/>
  <testcase name="addMultiPost_GROUP" time="33.382" classname="com.qa.tiatros.gratitudeJournal.testcase.TC02"/>
  <testcase name="addMultiPost_GROUP" time="27.817" classname="com.qa.tiatros.gratitudeJournal.testcase.TC02"/>
  <testcase name="addMultiPost_GROUP" time="29.520" classname="com.qa.tiatros.gratitudeJournal.testcase.TC02"/>
  <testcase name="addMultiPost_GROUP" time="27.887" classname="com.qa.tiatros.gratitudeJournal.testcase.TC02"/>
  <testcase name="addMultiPost_GROUP" time="34.874" classname="com.qa.tiatros.gratitudeJournal.testcase.TC02"/>
</testsuite> <!-- com.qa.tiatros.gratitudeJournal.testcase.TC02 -->
