<?xml version="1.0" encoding="UTF-8"?>
<!-- Generated by org.testng.reporters.JUnitReportReporter -->
<testsuite skipped="0" hostname="Satishs-iMac.local" name="com.qa.tiatros.gratitudeJournal.testcase.TC08" tests="1" failures="0" timestamp="2020-02-24T13:29:34 IST" time="102.627" errors="0">
  <testcase name="eDit_Journal_Group" time="102.627" classname="com.qa.tiatros.gratitudeJournal.testcase.TC08"/>
  <system-out/>
</testsuite> <!-- com.qa.tiatros.gratitudeJournal.testcase.TC08 -->
