<?xml version="1.0" encoding="UTF-8"?>
<!-- Generated by org.testng.reporters.JUnitReportReporter -->
<testsuite skipped="0" hostname="Satishs-iMac.local" name="com.qa.tiatros.modertor.testcase.TC01" tests="1" failures="0" timestamp="30 Aug 2019 09:28:05 GMT" time="33.828" errors="0">
  <testcase name="addNewMessage" time="33.828" classname="com.qa.tiatros.modertor.testcase.TC01"/>
</testsuite> <!-- com.qa.tiatros.modertor.testcase.TC01 -->
