<?xml version="1.0" encoding="UTF-8"?>
<!-- Generated by org.testng.reporters.JUnitReportReporter -->
<testsuite skipped="0" hostname="AnuKrish" name="com.qa.tiatros.regressionSuite.testcase.TC03" tests="1" failures="0" timestamp="03 Jun 2020 11:12:39 GMT" time="61.164" errors="0">
  <testcase name="regression_TC03" time="61.164" classname="com.qa.tiatros.regressionSuite.testcase.TC03"/>
</testsuite> <!-- com.qa.tiatros.regressionSuite.testcase.TC03 -->
