<?xml version="1.0" encoding="UTF-8"?>
<!-- Generated by org.testng.reporters.JUnitReportReporter -->
<testsuite skipped="0" hostname="Satishs-iMac.local" name="com.qa.tiatros.messaging.testcase.TC006" tests="1" failures="0" timestamp="01 Jul 2019 11:45:08 GMT" time="753.894" errors="0">
  <testcase name="clickAllTilesInMessages" time="753.894" classname="com.qa.tiatros.messaging.testcase.TC006"/>
</testsuite> <!-- com.qa.tiatros.messaging.testcase.TC006 -->
