<?xml version="1.0" encoding="UTF-8"?>
<!-- Generated by org.testng.reporters.JUnitReportReporter -->
<testsuite skipped="0" hostname="Satishs-iMac.local" name="com.qa.tiatros.messaging.testcase.TC007" tests="1" failures="0" timestamp="2020-02-26T15:12:10 IST" time="37.076" errors="0">
  <testcase name="myGroupSection" time="37.076" classname="com.qa.tiatros.messaging.testcase.TC007"/>
  <system-out/>
</testsuite> <!-- com.qa.tiatros.messaging.testcase.TC007 -->
